<?xml version="1.0" encoding="UTF-8"?>
<!-- Generated by org.testng.reporters.JUnitReportReporter -->
<testsuite skipped="0" hostname="DESKTOP-0Q33LGH" name="org.com.taetest.LoginPage" tests="6" failures="0" timestamp="2021-02-25T23:25:59 IST" time="0.037" errors="0">
  <testcase name="loginPage_001" time="0.018" classname="org.com.taetest.LoginPage"/>
  <system-out/>
  <testcase name="loginPage_002" time="0.005" classname="org.com.taetest.LoginPage"/>
  <system-out/>
  <testcase name="loginPage_003" time="0.004" classname="org.com.taetest.LoginPage"/>
  <system-out/>
  <testcase name="loginPage_002" time="0.007" classname="org.com.taetest.LoginPage"/>
  <system-out/>
  <testcase name="loginPage_001" time="0.001" classname="org.com.taetest.LoginPage"/>
  <system-out/>
  <testcase name="loginPage_003" time="0.002" classname="org.com.taetest.LoginPage"/>
  <system-out/>
</testsuite> <!-- org.com.taetest.LoginPage -->
