<?xml version="1.0" encoding="UTF-8"?>
<!-- Generated by org.testng.reporters.JUnitReportReporter -->
<testsuite skipped="0" hostname="DESKTOP-0Q33LGH" name="org.com.taetest.Dashboard" tests="4" failures="0" timestamp="2021-02-25T23:25:59 IST" time="0.014" errors="0">
  <testcase name="dashboard_002" time="0.002" classname="org.com.taetest.Dashboard"/>
  <system-out/>
  <testcase name="dashboard_001" time="0.005" classname="org.com.taetest.Dashboard"/>
  <system-out/>
  <testcase name="dashboard_002" time="0.005" classname="org.com.taetest.Dashboard"/>
  <system-out/>
  <testcase name="dashboard_001" time="0.002" classname="org.com.taetest.Dashboard"/>
  <system-out/>
</testsuite> <!-- org.com.taetest.Dashboard -->
