<?xml version="1.0" encoding="UTF-8"?>
<!-- Generated by org.testng.reporters.JUnitReportReporter -->
<testsuite skipped="0" hostname="DESKTOP-0Q33LGH" name="org.com.taetest.LoginPage" tests="6" failures="0" timestamp="2021-02-27T15:41:44 IST" time="0.160" errors="0">
  <testcase name="loginPage_001" time="0.002" classname="org.com.taetest.LoginPage"/>
  <system-out/>
  <testcase name="loginPage_002" time="0.000" classname="org.com.taetest.LoginPage"/>
  <system-out/>
  <testcase name="loginPage_003" time="0.001" classname="org.com.taetest.LoginPage"/>
  <system-out/>
  <testcase name="loginPage_002" time="0.001" classname="org.com.taetest.LoginPage"/>
  <system-out/>
  <testcase name="loginPage_001" time="0.153" classname="org.com.taetest.LoginPage"/>
  <system-out/>
  <testcase name="loginPage_003" time="0.003" classname="org.com.taetest.LoginPage"/>
  <system-out/>
</testsuite> <!-- org.com.taetest.LoginPage -->
